# JRE version: OpenJDK Runtime Environment (8.0_151-b12) (build 1.8.0_151-8u151-b12-0ubuntu0.16.04.2-b12)
# Java VM: OpenJDK 64-Bit Server VM (25.151-b12 mixed mode linux-amd64 compressed oops)
Heap:
 garbage-first heap   total 262144K, used 162816K [0x00000000c0000000, 0x00000000c0100800, 0x0000000100000000)
  region size 1024K, 57 young (58368K), 7 survivors (7168K)
 Metaspace       used 111860K, capacity 122980K, committed 123200K, reserved 1157120K
  class space    used 13259K, capacity 16410K, committed 16460K, reserved 1048576K
GC Heap History (10 events):
Event: 78.891 GC heap before
{Heap before GC invocations=21 (full 0):
 garbage-first heap   total 262144K, used 223744K [0x00000000c0000000, 0x00000000c0100800, 0x0000000100000000)
  region size 1024K, 116 young (118784K), 7 survivors (7168K)
 Metaspace       used 108381K, capacity 119218K, committed 119360K, reserved 1153024K
  class space    used 12998K, capacity 16186K, committed 16204K, reserved 1048576K
Event: 78.915 GC heap after
Heap after GC invocations=22 (full 0):
 garbage-first heap   total 262144K, used 110080K [0x00000000c0000000, 0x00000000c0100800, 0x0000000100000000)
  region size 1024K, 5 young (5120K), 5 survivors (5120K)
 Metaspace       used 108381K, capacity 119218K, committed 119360K, reserved 1153024K
  class space    used 12998K, capacity 16186K, committed 16204K, reserved 1048576K
}
Event: 88.172 GC heap before
{Heap before GC invocations=22 (full 0):
 garbage-first heap   total 262144K, used 225792K [0x00000000c0000000, 0x00000000c0100800, 0x0000000100000000)
  region size 1024K, 118 young (120832K), 5 survivors (5120K)
 Metaspace       used 109786K, capacity 120800K, committed 121024K, reserved 1155072K
  class space    used 13088K, capacity 16287K, committed 16332K, reserved 1048576K
Event: 88.187 GC heap after
Heap after GC invocations=23 (full 0):
 garbage-first heap   total 262144K, used 114688K [0x00000000c0000000, 0x00000000c0100800, 0x0000000100000000)
  region size 1024K, 9 young (9216K), 9 survivors (9216K)
 Metaspace       used 109786K, capacity 120800K, committed 121024K, reserved 1155072K
  class space    used 13088K, capacity 16287K, committed 16332K, reserved 1048576K
}
Event: 108.368 GC heap before
{Heap before GC invocations=23 (full 0):
 garbage-first heap   total 262144K, used 225280K [0x00000000c0000000, 0x00000000c0100800, 0x0000000100000000)
  region size 1024K, 117 young (119808K), 9 survivors (9216K)
 Metaspace       used 109991K, capacity 121120K, committed 121280K, reserved 1155072K
  class space    used 13091K, capacity 16287K, committed 16332K, reserved 1048576K
Event: 108.389 GC heap after
Heap after GC invocations=24 (full 0):
 garbage-first heap   total 262144K, used 112640K [0x00000000c0000000, 0x00000000c0100800, 0x0000000100000000)
  region size 1024K, 7 young (7168K), 7 survivors (7168K)
 Metaspace       used 109991K, capacity 121120K, committed 121280K, reserved 1155072K
  class space    used 13091K, capacity 16287K, committed 16332K, reserved 1048576K
}
Event: 123.849 GC heap before
{Heap before GC invocations=24 (full 0):
 garbage-first heap   total 262144K, used 227328K [0x00000000c0000000, 0x00000000c0100800, 0x0000000100000000)
  region size 1024K, 119 young (121856K), 7 survivors (7168K)
 Metaspace       used 110512K, capacity 121696K, committed 121792K, reserved 1155072K
  class space    used 13113K, capacity 16326K, committed 16332K, reserved 1048576K
Event: 123.866 GC heap after
Heap after GC invocations=25 (full 0):
 garbage-first heap   total 262144K, used 114176K [0x00000000c0000000, 0x00000000c0100800, 0x0000000100000000)
  region size 1024K, 9 young (9216K), 9 survivors (9216K)
 Metaspace       used 110512K, capacity 121696K, committed 121792K, reserved 1155072K
  class space    used 13113K, capacity 16326K, committed 16332K, reserved 1048576K
}
Event: 184.967 GC heap before
{Heap before GC invocations=25 (full 0):
 garbage-first heap   total 262144K, used 224768K [0x00000000c0000000, 0x00000000c0100800, 0x0000000100000000)
  region size 1024K, 117 young (119808K), 9 survivors (9216K)
 Metaspace       used 110796K, capacity 121960K, committed 122048K, reserved 1155072K
  class space    used 13134K, capacity 16329K, committed 16332K, reserved 1048576K
Event: 184.990 GC heap after
Heap after GC invocations=26 (full 0):
 garbage-first heap   total 262144K, used 112640K [0x00000000c0000000, 0x00000000c0100800, 0x0000000100000000)
  region size 1024K, 7 young (7168K), 7 survivors (7168K)
 Metaspace       used 110796K, capacity 121960K, committed 122048K, reserved 1155072K
  class space    used 13134K, capacity 16329K, committed 16332K, reserved 1048576K
}

